<?xml version="1.0" encoding="UTF-8"?>
<!-- Generated by org.testng.reporters.JUnitReportReporter -->
<testsuite hostname="LAPTOP-28BM3ARG" failures="0" tests="1" name="NewTest" time="46.352" errors="0" timestamp="2022-02-07T12:36:55 IST" skipped="0">
  <testcase classname="NewTest" name="f" time="46.352"/>
  <system-out/>
</testsuite> <!-- NewTest -->
