<?xml version="1.0" encoding="UTF-8"?>
<!-- Generated by org.testng.reporters.JUnitReportReporter -->
<testsuite hostname="LAPTOP-28BM3ARG" failures="0" tests="1" name="Assignment1.BrokenLink" time="11.049" errors="0" timestamp="2022-02-10T12:56:20 IST" skipped="0">
  <testcase classname="Assignment1.BrokenLink" name="f" time="11.049"/>
  <system-out/>
</testsuite> <!-- Assignment1.BrokenLink -->
