<?xml version="1.0" encoding="UTF-8"?>
<!-- Generated by org.testng.reporters.JUnitReportReporter -->
<testsuite hostname="LAPTOP-28BM3ARG" failures="0" tests="1" name="Assignment1.NewTest" time="11.484" errors="0" timestamp="2022-02-08T09:51:53 IST" skipped="0">
  <testcase classname="Assignment1.NewTest" name="ScrollTest" time="11.484"/>
  <system-out/>
</testsuite> <!-- Assignment1.NewTest -->
