<?xml version="1.0" encoding="UTF-8"?>
<!-- Generated by org.testng.reporters.JUnitReportReporter -->
<testsuite hostname="LAPTOP-28BM3ARG" failures="0" tests="1" name="Assignment1.BrokenLinks" time="29.963" errors="0" timestamp="2022-02-08T16:51:33 IST" skipped="0">
  <testcase classname="Assignment1.BrokenLinks" name="findBrokenLinks" time="29.963"/>
  <system-out/>
</testsuite> <!-- Assignment1.BrokenLinks -->
