<?xml version="1.0" encoding="UTF-8"?>
<!-- Generated by org.testng.reporters.JUnitReportReporter -->
<testsuite hostname="LAPTOP-28BM3ARG" failures="0" tests="1" name="Assignment3.TakeScreenshot" time="7.733" errors="0" timestamp="2022-02-09T16:01:11 IST" skipped="0">
  <testcase classname="Assignment3.TakeScreenshot" name="f" time="7.733"/>
  <system-out/>
</testsuite> <!-- Assignment3.TakeScreenshot -->
