<?xml version="1.0" encoding="UTF-8"?>
<!-- Generated by org.testng.reporters.JUnitReportReporter -->
<testsuite hostname="LAPTOP-28BM3ARG" failures="0" tests="4" name="Assignment3.Assertions" time="67.104" errors="0" timestamp="2022-02-09T14:21:15 IST" skipped="0">
  <testcase classname="Assignment3.Assertions" name="loginTest" time="1.983"/>
  <system-out/>
  <testcase classname="Assignment3.Assertions" name="loginTest" time="25.200"/>
  <system-out/>
  <testcase classname="Assignment3.Assertions" name="loginTest" time="18.954"/>
  <system-out/>
  <testcase classname="Assignment3.Assertions" name="loginTest" time="20.967"/>
  <system-out/>
</testsuite> <!-- Assignment3.Assertions -->
