<?xml version="1.0" encoding="UTF-8"?>
<!-- Generated by org.testng.reporters.JUnitReportReporter -->
<testsuite hostname="LAPTOP-28BM3ARG" failures="0" tests="1" name="Assignment3.GoogleSignUp" time="18.224" errors="0" timestamp="2022-02-09T17:02:17 IST" skipped="0">
  <testcase classname="Assignment3.GoogleSignUp" name="GoogleAccount" time="18.224"/>
  <system-out/>
</testsuite> <!-- Assignment3.GoogleSignUp -->
