<?xml version="1.0" encoding="UTF-8"?>
<!-- Generated by org.testng.reporters.JUnitReportReporter -->
<testsuite hostname="LAPTOP-28BM3ARG" failures="0" tests="1" name="Assignment1.DragAndDrop" time="7.542" errors="0" timestamp="2022-02-07T16:37:30 IST" skipped="0">
  <testcase classname="Assignment1.DragAndDrop" name="Drag_And_Drop" time="7.542"/>
  <system-out/>
</testsuite> <!-- Assignment1.DragAndDrop -->
