<?xml version="1.0" encoding="UTF-8"?>
<!-- Generated by org.testng.reporters.JUnitReportReporter -->
<testsuite hostname="LAPTOP-28BM3ARG" failures="0" tests="1" name="Assignment1.DropDown" time="9.959" errors="0" timestamp="2022-02-08T09:38:12 IST" skipped="0">
  <testcase classname="Assignment1.DropDown" name="f" time="9.959"/>
  <system-out/>
</testsuite> <!-- Assignment1.DropDown -->
