<?xml version="1.0" encoding="UTF-8"?>
<!-- Generated by org.testng.reporters.JUnitReportReporter -->
<testsuite hostname="LAPTOP-28BM3ARG" failures="0" tests="3" name="Assignment2.data_Provider1" time="31.763" errors="0" timestamp="2022-02-09T12:35:23 IST" skipped="0">
  <testcase classname="Assignment2.data_Provider1" name="search" time="11.019"/>
  <system-out/>
  <testcase classname="Assignment2.data_Provider1" name="search" time="10.605"/>
  <system-out/>
  <testcase classname="Assignment2.data_Provider1" name="search" time="10.139"/>
  <system-out/>
</testsuite> <!-- Assignment2.data_Provider1 -->
