<?xml version="1.0" encoding="UTF-8"?>
<!-- Generated by org.testng.reporters.JUnitReportReporter -->
<testsuite hostname="LAPTOP-28BM3ARG" failures="0" tests="1" name="Assignment1.EnterScriptWithoutSendkeys" time="10.980" errors="0" timestamp="2022-02-08T15:01:47 IST" skipped="0">
  <testcase classname="Assignment1.EnterScriptWithoutSendkeys" name="Script_Without_SendKeys" time="10.980"/>
  <system-out/>
</testsuite> <!-- Assignment1.EnterScriptWithoutSendkeys -->
