<?xml version="1.0" encoding="UTF-8"?>
<!-- Generated by org.testng.reporters.JUnitReportReporter -->
<testsuite hostname="LAPTOP-28BM3ARG" failures="0" tests="1" name="Assignment1.GoogleSearch" time="13.919" errors="0" timestamp="2022-02-08T16:07:53 IST" skipped="0">
  <testcase classname="Assignment1.GoogleSearch" name="Google_Search" time="13.919"/>
  <system-out/>
</testsuite> <!-- Assignment1.GoogleSearch -->
